app/build/outputs/logs/manifest-merger-debug-report.txt
-- Merging decision tree log ---
manifest
ADDED from src\main\AndroidManifest.xml:2:1-140:12
	package
		ADDED from src\main\AndroidManifest.xml:3:5-41
		INJECTED from src\main\AndroidManifest.xml
		INJECTED from src\main\AndroidManifest.xml
	android:versionName
		ADDED from src\main\AndroidManifest.xml:5:5-30
	android:versionCode
		ADDED from src\main\AndroidManifest.xml:4:5-28
		INJECTED from src\main\AndroidManifest.xml
		INJECTED from src\main\AndroidManifest.xml
	xmlns:android
		ADDED from src\main\AndroidManifest.xml:2:11-69
uses-sdk
ADDED from src\main\AndroidManifest.xml:7:5-9:41
	android:targetSdkVersion
		ADDED from src\main\AndroidManifest.xml:9:9-38
		INJECTED from src\main\AndroidManifest.xml
		INJECTED from src\main\AndroidManifest.xml
	android:minSdkVersion
		ADDED from src\main\AndroidManifest.xml:8:9-35
		INJECTED from src\main\AndroidManifest.xml
		INJECTED from src\main\AndroidManifest.xml
uses-permission#android.permission.CAMERA
ADDED from src\main\AndroidManifest.xml:11:5-65
	android:name
		ADDED from src\main\AndroidManifest.xml:11:22-62
uses-feature#android.hardware.camera
ADDED from src\main\AndroidManifest.xml:13:5-60
	android:name
		ADDED from src\main\AndroidManifest.xml:13:19-57
uses-permission#android.permission.ACCESS_FINE_LOCATION
ADDED from src\main\AndroidManifest.xml:15:5-79
	android:name
		ADDED from src\main\AndroidManifest.xml:15:22-76
uses-permission#android.permission.WRITE_SMS
ADDED from src\main\AndroidManifest.xml:16:5-68
	android:name
		ADDED from src\main\AndroidManifest.xml:16:22-65
uses-permission#android.permission.READ_SMS
ADDED from src\main\AndroidManifest.xml:17:5-67
	android:name
		ADDED from src\main\AndroidManifest.xml:17:22-64
uses-permission#android.permission.RECEIVE_SMS
ADDED from src\main\AndroidManifest.xml:18:5-70
	android:name
		ADDED from src\main\AndroidManifest.xml:18:22-67
uses-permission#android.permission.SEND_SMS
ADDED from src\main\AndroidManifest.xml:19:5-67
	android:name
		ADDED from src\main\AndroidManifest.xml:19:22-64
uses-permission#android.permission.WRITE_EXTERNAL_STORAGE
ADDED from src\main\AndroidManifest.xml:20:5-81
	android:name
		ADDED from src\main\AndroidManifest.xml:20:22-78
uses-permission#android.permission.RECORD_AUDIO
ADDED from src\main\AndroidManifest.xml:21:5-71
	android:name
		ADDED from src\main\AndroidManifest.xml:21:22-68
uses-permission#android.permission.VIBRATE
ADDED from src\main\AndroidManifest.xml:22:5-66
	android:name
		ADDED from src\main\AndroidManifest.xml:22:22-63
uses-permission#android.permission.INTERNET
ADDED from src\main\AndroidManifest.xml:23:5-67
	android:name
		ADDED from src\main\AndroidManifest.xml:23:22-64
android:uses-permission#android.permission.READ_PHONE_STATE
ADDED from src\main\AndroidManifest.xml:25:5-83
	android:name
		ADDED from src\main\AndroidManifest.xml:25:30-80
android:uses-permission#android.permission.READ_EXTERNAL_STORAGE
ADDED from src\main\AndroidManifest.xml:26:5-88
	android:name
		ADDED from src\main\AndroidManifest.xml:26:30-85
application
ADDED from src\main\AndroidManifest.xml:28:5-138:19
	android:label
		ADDED from src\main\AndroidManifest.xml:30:9-41
	android:icon
		ADDED from src\main\AndroidManifest.xml:29:9-45
	android:theme
		ADDED from src\main\AndroidManifest.xml:31:9-62
activity#com.harris.challenge.brata.MainLauncher
ADDED from src\main\AndroidManifest.xml:32:9-40:20
	android:label
		ADDED from src\main\AndroidManifest.xml:34:13-66
	android:name
		ADDED from src\main\AndroidManifest.xml:33:13-41
intent-filter#android.intent.action.MAIN+android.intent.category.LAUNCHER
ADDED from src\main\AndroidManifest.xml:35:13-39:29
action#android.intent.action.MAIN
ADDED from src\main\AndroidManifest.xml:36:17-69
	android:name
		ADDED from src\main\AndroidManifest.xml:36:25-66
category#android.intent.category.LAUNCHER
ADDED from src\main\AndroidManifest.xml:38:17-77
	android:name
		ADDED from src\main\AndroidManifest.xml:38:27-74
activity#com.harris.challenge.brata.BrataLauncherActivity
ADDED from src\main\AndroidManifest.xml:41:9-42:20
	android:name
		ADDED from src\main\AndroidManifest.xml:41:19-56
activity#com.harris.challenge.brata.tools.RequestAssignmentActivity
ADDED from src\main\AndroidManifest.xml:43:9-44:20
	android:name
		ADDED from src\main\AndroidManifest.xml:43:19-66
activity#com.harris.challenge.brata.tools.NavigationActivity
ADDED from src\main\AndroidManifest.xml:45:9-46:20
	android:name
		ADDED from src\main\AndroidManifest.xml:45:19-59
activity#com.harris.challenge.brata.tools.RangingActivity
ADDED from src\main\AndroidManifest.xml:47:9-48:20
	android:name
		ADDED from src\main\AndroidManifest.xml:47:19-56
activity#com.harris.challenge.brata.tools.BearingActivity
ADDED from src\main\AndroidManifest.xml:49:9-50:20
	android:name
		ADDED from src\main\AndroidManifest.xml:49:19-56
activity#com.harris.challenge.brata.tools.QRCodeReaderActivity
ADDED from src\main\AndroidManifest.xml:51:9-52:20
	android:name
		ADDED from src\main\AndroidManifest.xml:51:19-61
activity#com.harris.challenge.brata.tools.TimerActivity
ADDED from src\main\AndroidManifest.xml:53:9-54:20
	android:name
		ADDED from src\main\AndroidManifest.xml:53:19-54
activity#com.harris.challenge.brata.tools.LightSensorActivity
ADDED from src\main\AndroidManifest.xml:55:9-56:20
	android:name
		ADDED from src\main\AndroidManifest.xml:55:19-60
activity#com.harris.challenge.brata.tools.SubmitResponseActivity
ADDED from src\main\AndroidManifest.xml:57:9-58:20
	android:name
		ADDED from src\main\AndroidManifest.xml:57:19-63
activity#com.harris.challenge.brata.tools.InclinationActivity
ADDED from src\main\AndroidManifest.xml:59:9-60:20
	android:name
		ADDED from src\main\AndroidManifest.xml:59:19-60
activity#com.harris.challenge.brata.tools.CountdownActivity
ADDED from src\main\AndroidManifest.xml:61:9-64:20
	android:theme
		ADDED from src\main\AndroidManifest.xml:63:13-52
	android:name
		ADDED from src\main\AndroidManifest.xml:62:13-52
activity#com.harris.challenge.brata.tools.DistanceFinderActivity
ADDED from src\main\AndroidManifest.xml:65:9-68:20
	android:screenOrientation
		ADDED from src\main\AndroidManifest.xml:67:13-50
	android:name
		ADDED from src\main\AndroidManifest.xml:66:13-57
activity#com.harris.challenge.brata.IncidentLauncherActivity
ADDED from src\main\AndroidManifest.xml:69:9-70:20
	android:name
		ADDED from src\main\AndroidManifest.xml:69:19-59
activity#com.harris.challenge.incidents.StraightAsAnArrow
ADDED from src\main\AndroidManifest.xml:71:9-72:20
	android:name
		ADDED from src\main\AndroidManifest.xml:71:19-82
activity#com.harris.challenge.incidents.SkidMarks
ADDED from src\main\AndroidManifest.xml:73:9-74:20
	android:name
		ADDED from src\main\AndroidManifest.xml:73:19-74
activity#com.harris.challenge.incidents.TwoPlacesAtOnce
ADDED from src\main\AndroidManifest.xml:75:9-76:20
	android:name
		ADDED from src\main\AndroidManifest.xml:75:19-80
activity#com.harris.challenge.incidents.DudeMyCar
ADDED from src\main\AndroidManifest.xml:77:9-78:20
	android:name
		ADDED from src\main\AndroidManifest.xml:77:19-74
activity#com.harris.challenge.brata.SATChallengeLauncherActivity
ADDED from src\main\AndroidManifest.xml:79:9-81:52
	android:screenOrientation
		ADDED from src\main\AndroidManifest.xml:81:13-49
	android:name
		ADDED from src\main\AndroidManifest.xml:80:13-57
activity#com.harris.challenge.secret_agent_tools.MasterServerCommunicator
ADDED from src\main\AndroidManifest.xml:82:9-85:56
	android:screenOrientation
		ADDED from src\main\AndroidManifest.xml:84:13-49
	android:theme
		ADDED from src\main\AndroidManifest.xml:85:13-53
	android:name
		ADDED from src\main\AndroidManifest.xml:83:13-92
activity#com.harris.challenge.secret_agent_tools.RegistrationTool
ADDED from src\main\AndroidManifest.xml:86:9-88:52
	android:screenOrientation
		ADDED from src\main\AndroidManifest.xml:88:13-49
	android:name
		ADDED from src\main\AndroidManifest.xml:87:13-84
activity#com.harris.challenge.secret_agent_tools.Return
ADDED from src\main\AndroidManifest.xml:89:9-91:52
	android:screenOrientation
		ADDED from src\main\AndroidManifest.xml:91:13-49
	android:name
		ADDED from src\main\AndroidManifest.xml:90:13-74
activity#com.harris.challenge.secret_agent_tools.Dock
ADDED from src\main\AndroidManifest.xml:92:9-94:52
	android:screenOrientation
		ADDED from src\main\AndroidManifest.xml:94:13-49
	android:name
		ADDED from src\main\AndroidManifest.xml:93:13-72
activity#com.harris.challenge.secret_agent_tools.Launch
ADDED from src\main\AndroidManifest.xml:95:9-97:52
	android:screenOrientation
		ADDED from src\main\AndroidManifest.xml:97:13-49
	android:name
		ADDED from src\main\AndroidManifest.xml:96:13-74
activity#com.harris.challenge.secret_agent_tools.Secure
ADDED from src\main\AndroidManifest.xml:98:9-100:52
	android:screenOrientation
		ADDED from src\main\AndroidManifest.xml:100:13-49
	android:name
		ADDED from src\main\AndroidManifest.xml:99:13-74
service#com.harris.challenge.brata.framework.GPSService
ADDED from src\main\AndroidManifest.xml:102:9-57
	android:name
		ADDED from src\main\AndroidManifest.xml:102:18-54
receiver#com.harris.challenge.brata.framework.SMSReceiver
ADDED from src\main\AndroidManifest.xml:104:9-110:20
	android:exported
		ADDED from src\main\AndroidManifest.xml:106:13-36
	android:name
		ADDED from src\main\AndroidManifest.xml:105:13-50
intent-filter#android.provider.Telephony.SMS_RECEIVED
ADDED from src\main\AndroidManifest.xml:107:13-109:29
	android:priority
		ADDED from src\main\AndroidManifest.xml:107:28-50
action#android.provider.Telephony.SMS_RECEIVED
ADDED from src\main\AndroidManifest.xml:108:17-82
	android:name
		ADDED from src\main\AndroidManifest.xml:108:25-79
activity#com.harris.challenge.brata.tools.SoundRecordingActivity
ADDED from src\main\AndroidManifest.xml:112:9-113:20
	android:name
		ADDED from src\main\AndroidManifest.xml:112:19-63
activity#com.harris.challenge.brata.MainActivity
ADDED from src\main\AndroidManifest.xml:114:9-117:20
	android:label
		ADDED from src\main\AndroidManifest.xml:116:13-56
	android:name
		ADDED from src\main\AndroidManifest.xml:115:13-41
activity#com.harris.challenge.brata.framework.UriEntryActivity
ADDED from src\main\AndroidManifest.xml:118:9-129:20
	android:name
		ADDED from src\main\AndroidManifest.xml:118:19-61
intent-filter#android.intent.action.MAIN+android.intent.category.DEFAULT
ADDED from src\main\AndroidManifest.xml:119:13-123:29
category#android.intent.category.DEFAULT
ADDED from src\main\AndroidManifest.xml:122:17-76
	android:name
		ADDED from src\main\AndroidManifest.xml:122:27-73
intent-filter#android.intent.category.DEFAULT+com.google.zxing.client.android.SCAN
ADDED from src\main\AndroidManifest.xml:124:13-128:29
action#com.google.zxing.client.android.SCAN
ADDED from src\main\AndroidManifest.xml:125:17-79
	android:name
		ADDED from src\main\AndroidManifest.xml:125:25-76
activity#com.harris.challenge.secret_agent_tools.Dock_01
ADDED from src\main\AndroidManifest.xml:130:9-137:20
	android:label
		ADDED from src\main\AndroidManifest.xml:132:13-59
	android:parentActivityName
		ADDED from src\main\AndroidManifest.xml:133:13-86
	android:name
		ADDED from src\main\AndroidManifest.xml:131:13-75
meta-data#android.support.PARENT_ACTIVITY
ADDED from src\main\AndroidManifest.xml:134:13-136:80
	android:value
		ADDED from src\main\AndroidManifest.xml:136:17-77
	android:name
		ADDED from src\main\AndroidManifest.xml:135:17-63